<?xml version="1.0" encoding="UTF-8"?>
<!-- Generated by org.testng.reporters.JUnitReportReporter -->
<testsuite hostname="JuDaEmMaNuEl" failures="0" tests="6" name="com.testcases.SelectHotelTest" time="50.339" errors="0" timestamp="2025-02-11T05:16:43 IST" skipped="0">
  <testcase classname="com.testcases.SelectHotelTest" name="selectHotelTest" time="10.792"/>
  <testcase classname="com.testcases.SelectHotelTest" name="selectHotelTest" time="9.859"/>
  <testcase classname="com.testcases.SelectHotelTest" name="selectHotelTest" time="6.728"/>
  <testcase classname="com.testcases.SelectHotelTest" name="selectHotelTest" time="9.461"/>
  <testcase classname="com.testcases.SelectHotelTest" name="selectHotelTest" time="6.492"/>
  <testcase classname="com.testcases.SelectHotelTest" name="selectHotelTest" time="7.007"/>
</testsuite> <!-- com.testcases.SelectHotelTest -->
