<?xml version="1.0" encoding="UTF-8"?>
<!-- Generated by org.testng.reporters.JUnitReportReporter -->
<testsuite hostname="JuDaEmMaNuEl" failures="0" tests="1" name="com.testcases.BookingTest" time="22.350" errors="0" timestamp="2025-02-10T10:11:03 IST" skipped="0">
  <testcase classname="com.testcases.BookingTest" name="bookingTest" time="22.350"/>
</testsuite> <!-- com.testcases.BookingTest -->
