<?xml version="1.0" encoding="UTF-8"?>
<!-- Generated by org.testng.reporters.JUnitReportReporter -->
<testsuite hostname="JuDaEmMaNuEl" failures="0" tests="6" name="com.testcases.SearchHotelTest" time="46.840" errors="0" timestamp="2025-02-11T05:16:43 IST" skipped="0">
  <testcase classname="com.testcases.SearchHotelTest" name="searchHotelTest" time="9.239"/>
  <testcase classname="com.testcases.SearchHotelTest" name="searchHotelTest" time="10.648"/>
  <testcase classname="com.testcases.SearchHotelTest" name="searchHotelTest" time="7.717"/>
  <testcase classname="com.testcases.SearchHotelTest" name="searchHotelTest" time="5.833"/>
  <testcase classname="com.testcases.SearchHotelTest" name="searchHotelTest" time="6.015"/>
  <testcase classname="com.testcases.SearchHotelTest" name="searchHotelTest" time="7.388"/>
</testsuite> <!-- com.testcases.SearchHotelTest -->
