<?xml version="1.0" encoding="UTF-8"?>
<!-- Generated by org.testng.reporters.JUnitReportReporter -->
<testsuite hostname="JuDaEmMaNuEl" failures="0" tests="12" name="com.testcases.LoginTest" time="81.693" errors="0" timestamp="2025-02-11T05:16:43 IST" skipped="0">
  <testcase classname="com.testcases.LoginTest" name="loginTest" time="4.379"/>
  <testcase classname="com.testcases.LoginTest" name="loginTest" time="6.324"/>
  <testcase classname="com.testcases.LoginTest" name="loginTest" time="5.421"/>
  <testcase classname="com.testcases.LoginTest" name="loginTest" time="5.064"/>
  <testcase classname="com.testcases.LoginTest" name="loginTest" time="5.983"/>
  <testcase classname="com.testcases.LoginTest" name="loginTest" time="8.716"/>
  <testcase classname="com.testcases.LoginTest" name="loginTest" time="5.994"/>
  <testcase classname="com.testcases.LoginTest" name="loginTest" time="8.270"/>
  <testcase classname="com.testcases.LoginTest" name="loginTest" time="9.363"/>
  <testcase classname="com.testcases.LoginTest" name="loginTest" time="8.713"/>
  <testcase classname="com.testcases.LoginTest" name="loginTest" time="4.412"/>
  <testcase classname="com.testcases.LoginTest" name="loginTest" time="9.054"/>
</testsuite> <!-- com.testcases.LoginTest -->
