<?xml version="1.0" encoding="UTF-8"?>
<!-- Generated by org.testng.reporters.JUnitReportReporter -->
<testsuite hostname="JuDaEmMaNuEl" failures="0" tests="9" name="Adactin_Hotel_Project.Adactin_Hotel_Project.Adactin_Test" time="10.731" errors="0" timestamp="2025-01-13T22:15:03 IST" skipped="0">
  <testcase classname="Adactin_Hotel_Project.Adactin_Hotel_Project.Adactin_Test" name="loginTest" time="0.839"/>
  <testcase classname="Adactin_Hotel_Project.Adactin_Hotel_Project.Adactin_Test" name="searchHotelTest" time="1.995"/>
  <testcase classname="Adactin_Hotel_Project.Adactin_Hotel_Project.Adactin_Test" name="loginTest" time="0.196"/>
  <testcase classname="Adactin_Hotel_Project.Adactin_Hotel_Project.Adactin_Test" name="loginTest" time="0.528"/>
  <testcase classname="Adactin_Hotel_Project.Adactin_Hotel_Project.Adactin_Test" name="loginTest" time="0.852"/>
  <testcase classname="Adactin_Hotel_Project.Adactin_Hotel_Project.Adactin_Test" name="selectHotelTest" time="0.840"/>
  <testcase classname="Adactin_Hotel_Project.Adactin_Hotel_Project.Adactin_Test" name="bookHotelTest" time="1.136"/>
  <testcase classname="Adactin_Hotel_Project.Adactin_Hotel_Project.Adactin_Test" name="loginTest" time="4.110"/>
  <testcase classname="Adactin_Hotel_Project.Adactin_Hotel_Project.Adactin_Test" name="loginTest" time="0.235"/>
</testsuite> <!-- Adactin_Hotel_Project.Adactin_Hotel_Project.Adactin_Test -->
