<?xml version="1.0" encoding="UTF-8"?>
<!-- Generated by org.testng.reporters.JUnitReportReporter -->
<testsuite hostname="JuDaEmMaNuEl" failures="0" tests="6" name="Heroku_App_Project.Heroku_App_Project.Contact_Test" time="54.441" errors="0" timestamp="2025-01-14T11:55:27 IST" skipped="0">
  <testcase classname="Heroku_App_Project.Heroku_App_Project.Contact_Test" name="testSignup" time="7.677"/>
  <testcase classname="Heroku_App_Project.Heroku_App_Project.Contact_Test" name="testLogin" time="3.281"/>
  <testcase classname="Heroku_App_Project.Heroku_App_Project.Contact_Test" name="testAddContact" time="7.723"/>
  <testcase classname="Heroku_App_Project.Heroku_App_Project.Contact_Test" name="testEditContact" time="15.354"/>
  <testcase classname="Heroku_App_Project.Heroku_App_Project.Contact_Test" name="testDeleteContact" time="19.833"/>
  <testcase classname="Heroku_App_Project.Heroku_App_Project.Contact_Test" name="testLogout" time="0.573"/>
</testsuite> <!-- Heroku_App_Project.Heroku_App_Project.Contact_Test -->
